  main.cpp
C:\Program Files (x86)\Microsoft Visual Studio\2019\Community\VC\Tools\MSVC\14.26.28801\include\utility(152,1): warning C4244: “初始化”: 从“_Ty”转换到“_Ty2”，可能丢失数据
          with
          [
              _Ty=double
          ]
          and
          [
              _Ty2=int
          ]
D:\C++\STL\map容器\map大小交换\main.cpp(43): message : 查看对正在编译的函数 模板 实例化“std::pair<int,int>::pair<int,double,0>(_Other1 &&,_Other2 &&) noexcept”的引用
          with
          [
              _Other1=int,
              _Other2=double
          ]
D:\C++\STL\map容器\map大小交换\main.cpp(43): message : 查看对正在编译的函数 模板 实例化“std::pair<int,int>::pair<int,double,0>(_Other1 &&,_Other2 &&) noexcept”的引用
          with
          [
              _Other1=int,
              _Other2=double
          ]
  map大小交换.vcxproj -> D:\C++\STL\map容器\map大小交换\Debug\map大小交换.exe
